build/app/intermediates/manifest_merge_blame_file/debug/manifest-merger-blame-debug-report.txt
1<?xml version="1.0" encoding="utf-8"?>
2<manifest xmlns:android="http://schemas.android.com/apk/res/android"
3    package="com.example.dynamic_links"
4    android:versionCode="1"
5    android:versionName="1.0.0" >
6
7    <uses-sdk
8        android:minSdkVersion="21"
9        android:targetSdkVersion="33" />
10    <!--
11         The INTERNET permission is required for development. Specifically,
12         the Flutter tool needs it to communicate with the running application
13         to allow setting breakpoints, to provide hot reload, etc.
14    -->
15    <uses-permission android:name="android.permission.INTERNET" />
15-->src/debug/AndroidManifest.xml:6:5-66
15-->src/debug/AndroidManifest.xml:6:22-64
16
17    <permission
17-->[androidx.core:core:1.10.1] AndroidManifest.xml:22:5-24:47
18        android:name="com.example.dynamic_links.DYNAMIC_RECEIVER_NOT_EXPORTED_PERMISSION"
18-->[androidx.core:core:1.10.1] AndroidManifest.xml:23:9-81
19        android:protectionLevel="signature" />
19-->[androidx.core:core:1.10.1] AndroidManifest.xml:24:9-44
20
21    <uses-permission android:name="com.example.dynamic_links.DYNAMIC_RECEIVER_NOT_EXPORTED_PERMISSION" />
21-->[androidx.core:core:1.10.1] AndroidManifest.xml:26:5-97
21-->[androidx.core:core:1.10.1] AndroidManifest.xml:26:22-94
22
23    <application
24        android:name="android.app.Application"
25        android:appComponentFactory="androidx.core.app.CoreComponentFactory"
25-->[androidx.core:core:1.10.1] AndroidManifest.xml:28:18-86
26        android:debuggable="true"
27        android:icon="@mipmap/ic_launcher"
28        android:label="dynamic_links" >
29        <activity
30            android:name="com.example.dynamic_links.MainActivity"
31            android:configChanges="orientation|keyboardHidden|keyboard|screenSize|smallestScreenSize|locale|layoutDirection|fontScale|screenLayout|density|uiMode"
32            android:exported="true"
33            android:hardwareAccelerated="true"
34            android:launchMode="singleTop"
35            android:theme="@style/LaunchTheme"
36            android:windowSoftInputMode="adjustResize" >
37
38            <!--
39                 Specifies an Android theme to apply to this Activity as soon as
40                 the Android process has started. This theme is visible to the user
41                 while the Flutter UI initializes. After that, this theme continues
42                 to determine the Window background behind the Flutter UI.
43            -->
44            <meta-data
45                android:name="io.flutter.embedding.android.NormalTheme"
46                android:resource="@style/NormalTheme" />
47            <meta-data
48                android:name="dynamic_link_enable"
49                android:value="true" />
50
51            <intent-filter android:autoVerify="true" >
52                <action android:name="android.intent.action.VIEW" />
53
54                <category android:name="android.intent.category.DEFAULT" />
55                <category android:name="android.intent.category.BROWSABLE" />
56
57                <data
58                    android:host="dynamiclick.page.link"
59                    android:scheme="https" />
60            </intent-filter>
61            <intent-filter>
62                <action android:name="android.intent.action.MAIN" />
63
64                <category android:name="android.intent.category.LAUNCHER" />
65            </intent-filter>
66        </activity>
67        <!--
68             Don't delete the meta-data below.
69             This is used by the Flutter tool to generate GeneratedPluginRegistrant.java
70        -->
71        <meta-data
72            android:name="flutterEmbedding"
73            android:value="2" />
74
75        <service
75-->[:firebase_dynamic_links] AndroidManifest.xml:12:9-16:19
76            android:name="com.google.firebase.components.ComponentDiscoveryService"
76-->[:firebase_dynamic_links] AndroidManifest.xml:12:18-89
77            android:directBootAware="true"
77-->[com.google.firebase:firebase-common:20.4.2] AndroidManifest.xml:32:13-43
78            android:exported="false" >
78-->[com.google.firebase:firebase-dynamic-links:21.2.0] AndroidManifest.xml:23:13-37
79            <meta-data
79-->[:firebase_dynamic_links] AndroidManifest.xml:13:13-15:85
80                android:name="com.google.firebase.components:io.flutter.plugins.firebase.dynamiclinks.FlutterFirebaseAppRegistrar"
80-->[:firebase_dynamic_links] AndroidManifest.xml:14:17-131
81                android:value="com.google.firebase.components.ComponentRegistrar" />
81-->[:firebase_dynamic_links] AndroidManifest.xml:15:17-82
82            <meta-data
82-->[:firebase_core] AndroidManifest.xml:11:13-13:85
83                android:name="com.google.firebase.components:io.flutter.plugins.firebase.core.FlutterFirebaseCoreRegistrar"
83-->[:firebase_core] AndroidManifest.xml:12:17-124
84                android:value="com.google.firebase.components.ComponentRegistrar" />
84-->[:firebase_core] AndroidManifest.xml:13:17-82
85            <meta-data
85-->[com.google.firebase:firebase-dynamic-links:21.2.0] AndroidManifest.xml:24:13-26:85
86                android:name="com.google.firebase.components:com.google.firebase.dynamiclinks.FirebaseDynamicLinksKtxRegistrar"
86-->[com.google.firebase:firebase-dynamic-links:21.2.0] AndroidManifest.xml:25:17-128
87                android:value="com.google.firebase.components.ComponentRegistrar" />
87-->[com.google.firebase:firebase-dynamic-links:21.2.0] AndroidManifest.xml:26:17-82
88            <meta-data
88-->[com.google.firebase:firebase-dynamic-links:21.2.0] AndroidManifest.xml:27:13-29:85
89                android:name="com.google.firebase.components:com.google.firebase.dynamiclinks.internal.FirebaseDynamicLinkRegistrar"
89-->[com.google.firebase:firebase-dynamic-links:21.2.0] AndroidManifest.xml:28:17-133
90                android:value="com.google.firebase.components.ComponentRegistrar" />
90-->[com.google.firebase:firebase-dynamic-links:21.2.0] AndroidManifest.xml:29:17-82
91            <meta-data
91-->[com.google.firebase:firebase-common-ktx:20.4.2] AndroidManifest.xml:12:13-14:85
92                android:name="com.google.firebase.components:com.google.firebase.ktx.FirebaseCommonLegacyRegistrar"
92-->[com.google.firebase:firebase-common-ktx:20.4.2] AndroidManifest.xml:13:17-116
93                android:value="com.google.firebase.components.ComponentRegistrar" />
93-->[com.google.firebase:firebase-common-ktx:20.4.2] AndroidManifest.xml:14:17-82
94            <meta-data
94-->[com.google.firebase:firebase-common:20.4.2] AndroidManifest.xml:35:13-37:85
95                android:name="com.google.firebase.components:com.google.firebase.FirebaseCommonKtxRegistrar"
95-->[com.google.firebase:firebase-common:20.4.2] AndroidManifest.xml:36:17-109
96                android:value="com.google.firebase.components.ComponentRegistrar" />
96-->[com.google.firebase:firebase-common:20.4.2] AndroidManifest.xml:37:17-82
97        </service>
98
99        <activity
99-->[:url_launcher_android] AndroidManifest.xml:10:9-13:74
100            android:name="io.flutter.plugins.urllauncher.WebViewActivity"
100-->[:url_launcher_android] AndroidManifest.xml:11:13-74
101            android:exported="false"
101-->[:url_launcher_android] AndroidManifest.xml:12:13-37
102            android:theme="@android:style/Theme.NoTitleBar.Fullscreen" />
102-->[:url_launcher_android] AndroidManifest.xml:13:13-71
103
104        <provider
104-->[:share] AndroidManifest.xml:10:9-18:20
105            android:name="io.flutter.plugins.share.ShareFileProvider"
105-->[:share] AndroidManifest.xml:11:13-70
106            android:authorities="com.example.dynamic_links.flutter.share_provider"
106-->[:share] AndroidManifest.xml:12:13-74
107            android:exported="false"
107-->[:share] AndroidManifest.xml:13:13-37
108            android:grantUriPermissions="true" >
108-->[:share] AndroidManifest.xml:14:13-47
109            <meta-data
109-->[:share] AndroidManifest.xml:15:13-17:68
110                android:name="android.support.FILE_PROVIDER_PATHS"
110-->[:share] AndroidManifest.xml:16:17-67
111                android:resource="@xml/flutter_share_file_paths" />
111-->[:share] AndroidManifest.xml:17:17-65
112        </provider>
113        <provider
113-->[com.google.firebase:firebase-common:20.4.2] AndroidManifest.xml:23:9-28:39
114            android:name="com.google.firebase.provider.FirebaseInitProvider"
114-->[com.google.firebase:firebase-common:20.4.2] AndroidManifest.xml:24:13-77
115            android:authorities="com.example.dynamic_links.firebaseinitprovider"
115-->[com.google.firebase:firebase-common:20.4.2] AndroidManifest.xml:25:13-72
116            android:directBootAware="true"
116-->[com.google.firebase:firebase-common:20.4.2] AndroidManifest.xml:26:13-43
117            android:exported="false"
117-->[com.google.firebase:firebase-common:20.4.2] AndroidManifest.xml:27:13-37
118            android:initOrder="100" />
118-->[com.google.firebase:firebase-common:20.4.2] AndroidManifest.xml:28:13-36
119
120        <uses-library
120-->[androidx.window:window:1.0.0-beta04] AndroidManifest.xml:25:9-27:40
121            android:name="androidx.window.extensions"
121-->[androidx.window:window:1.0.0-beta04] AndroidManifest.xml:26:13-54
122            android:required="false" />
122-->[androidx.window:window:1.0.0-beta04] AndroidManifest.xml:27:13-37
123        <uses-library
123-->[androidx.window:window:1.0.0-beta04] AndroidManifest.xml:28:9-30:40
124            android:name="androidx.window.sidecar"
124-->[androidx.window:window:1.0.0-beta04] AndroidManifest.xml:29:13-51
125            android:required="false" />
125-->[androidx.window:window:1.0.0-beta04] AndroidManifest.xml:30:13-37
126
127        <activity
127-->[com.google.android.gms:play-services-base:18.0.1] AndroidManifest.xml:20:9-22:45
128            android:name="com.google.android.gms.common.api.GoogleApiActivity"
128-->[com.google.android.gms:play-services-base:18.0.1] AndroidManifest.xml:20:19-85
129            android:exported="false"
129-->[com.google.android.gms:play-services-base:18.0.1] AndroidManifest.xml:22:19-43
130            android:theme="@android:style/Theme.Translucent.NoTitleBar" />
130-->[com.google.android.gms:play-services-base:18.0.1] AndroidManifest.xml:21:19-78
131
132        <meta-data
132-->[com.google.android.gms:play-services-basement:18.1.0] AndroidManifest.xml:21:9-23:69
133            android:name="com.google.android.gms.version"
133-->[com.google.android.gms:play-services-basement:18.1.0] AndroidManifest.xml:22:13-58
134            android:value="@integer/google_play_services_version" />
134-->[com.google.android.gms:play-services-basement:18.1.0] AndroidManifest.xml:23:13-66
135    </application>
136
137</manifest>